[debug] [2023-07-20T11:40:57.086Z] ----------------------------------------------------------------------
[debug] [2023-07-20T11:40:57.088Z] Command:       C:\Program Files\nodejs\node.exe C:\Program Files\nodejs\node_modules\firebase-tools\lib\bin\firebase.js deploy --only functions
[debug] [2023-07-20T11:40:57.089Z] CLI Version:   12.4.4
[debug] [2023-07-20T11:40:57.090Z] Platform:      win32
[debug] [2023-07-20T11:40:57.090Z] Node Version:  v18.13.0
[debug] [2023-07-20T11:40:57.092Z] Time:          Thu Jul 20 2023 17:25:57 GMT+0545 (Nepal Time)
[debug] [2023-07-20T11:40:57.092Z] ----------------------------------------------------------------------
[debug] 
[debug] [2023-07-20T11:40:57.245Z] > command requires scopes: ["email","openid","https://www.googleapis.com/auth/cloudplatformprojects.readonly","https://www.googleapis.com/auth/firebase","https://www.googleapis.com/auth/cloud-platform"]
[debug] [2023-07-20T11:40:57.246Z] > authorizing via signed-in user (laxman.giri@readytowork.work)
[debug] [2023-07-20T11:40:57.247Z] [iam] checking project readytoworkjapan for permissions ["cloudfunctions.functions.create","cloudfunctions.functions.delete","cloudfunctions.functions.get","cloudfunctions.functions.list","cloudfunctions.functions.update","cloudfunctions.operations.get","firebase.projects.get"]
[debug] [2023-07-20T11:40:57.250Z] >>> [apiv2][query] POST https://cloudresourcemanager.googleapis.com/v1/projects/readytoworkjapan:testIamPermissions [none]
[debug] [2023-07-20T11:40:57.251Z] >>> [apiv2][(partial)header] POST https://cloudresourcemanager.googleapis.com/v1/projects/readytoworkjapan:testIamPermissions x-goog-quota-user=projects/readytoworkjapan
[debug] [2023-07-20T11:40:57.251Z] >>> [apiv2][body] POST https://cloudresourcemanager.googleapis.com/v1/projects/readytoworkjapan:testIamPermissions {"permissions":["cloudfunctions.functions.create","cloudfunctions.functions.delete","cloudfunctions.functions.get","cloudfunctions.functions.list","cloudfunctions.functions.update","cloudfunctions.operations.get","firebase.projects.get"]}
[debug] [2023-07-20T11:41:00.098Z] <<< [apiv2][status] POST https://cloudresourcemanager.googleapis.com/v1/projects/readytoworkjapan:testIamPermissions 200
[debug] [2023-07-20T11:41:00.099Z] <<< [apiv2][body] POST https://cloudresourcemanager.googleapis.com/v1/projects/readytoworkjapan:testIamPermissions {"permissions":["cloudfunctions.functions.create","cloudfunctions.functions.delete","cloudfunctions.functions.get","cloudfunctions.functions.list","cloudfunctions.functions.update","cloudfunctions.operations.get","firebase.projects.get"]}
[debug] [2023-07-20T11:41:00.099Z] >>> [apiv2][query] POST https://iam.googleapis.com/v1/projects/readytoworkjapan/serviceAccounts/readytoworkjapan@appspot.gserviceaccount.com:testIamPermissions [none]
[debug] [2023-07-20T11:41:00.099Z] >>> [apiv2][body] POST https://iam.googleapis.com/v1/projects/readytoworkjapan/serviceAccounts/readytoworkjapan@appspot.gserviceaccount.com:testIamPermissions {"permissions":["iam.serviceAccounts.actAs"]}
[debug] [2023-07-20T11:41:01.586Z] <<< [apiv2][status] POST https://iam.googleapis.com/v1/projects/readytoworkjapan/serviceAccounts/readytoworkjapan@appspot.gserviceaccount.com:testIamPermissions 200
[debug] [2023-07-20T11:41:01.586Z] <<< [apiv2][body] POST https://iam.googleapis.com/v1/projects/readytoworkjapan/serviceAccounts/readytoworkjapan@appspot.gserviceaccount.com:testIamPermissions {"permissions":["iam.serviceAccounts.actAs"]}
[info] 
[info] === Deploying to 'readytoworkjapan'...
[info] 
[info] i  deploying functions 
[info] Running command: npm --prefix "$RESOURCE_DIR" run build
[info] +  functions: Finished running predeploy script. 
[debug] [2023-07-20T11:41:13.126Z] >>> [apiv2][query] GET https://firebase.googleapis.com/v1beta1/projects/readytoworkjapan [none]
[debug] [2023-07-20T11:41:13.682Z] <<< [apiv2][status] GET https://firebase.googleapis.com/v1beta1/projects/readytoworkjapan 200
[debug] [2023-07-20T11:41:13.682Z] <<< [apiv2][body] GET https://firebase.googleapis.com/v1beta1/projects/readytoworkjapan {"projectId":"readytoworkjapan","projectNumber":"835062488456","displayName":"ReadyToWorkJapan","name":"projects/readytoworkjapan","resources":{"hostingSite":"readytoworkjapan","storageBucket":"readytoworkjapan.appspot.com","locationId":"asia-northeast1"},"state":"ACTIVE","etag":"1_951e2138-f418-4b97-a371-278642902c67"}
[info] i  functions: preparing codebase default for deployment 
[info] i  functions: ensuring required API cloudfunctions.googleapis.com is enabled... 
[info] i  functions: ensuring required API cloudbuild.googleapis.com is enabled... 
[info] i  artifactregistry: ensuring required API artifactregistry.googleapis.com is enabled... 
[debug] [2023-07-20T11:41:13.687Z] >>> [apiv2][query] GET https://serviceusage.googleapis.com/v1/projects/readytoworkjapan/services/cloudfunctions.googleapis.com [none]
[debug] [2023-07-20T11:41:13.687Z] >>> [apiv2][(partial)header] GET https://serviceusage.googleapis.com/v1/projects/readytoworkjapan/services/cloudfunctions.googleapis.com x-goog-quota-user=projects/readytoworkjapan
[debug] [2023-07-20T11:41:13.688Z] >>> [apiv2][query] GET https://serviceusage.googleapis.com/v1/projects/readytoworkjapan/services/runtimeconfig.googleapis.com [none]
[debug] [2023-07-20T11:41:13.689Z] >>> [apiv2][(partial)header] GET https://serviceusage.googleapis.com/v1/projects/readytoworkjapan/services/runtimeconfig.googleapis.com x-goog-quota-user=projects/readytoworkjapan
[debug] [2023-07-20T11:41:13.690Z] >>> [apiv2][query] GET https://serviceusage.googleapis.com/v1/projects/readytoworkjapan/services/cloudbuild.googleapis.com [none]
[debug] [2023-07-20T11:41:13.690Z] >>> [apiv2][(partial)header] GET https://serviceusage.googleapis.com/v1/projects/readytoworkjapan/services/cloudbuild.googleapis.com x-goog-quota-user=projects/readytoworkjapan
[debug] [2023-07-20T11:41:13.692Z] >>> [apiv2][query] GET https://serviceusage.googleapis.com/v1/projects/readytoworkjapan/services/artifactregistry.googleapis.com [none]
[debug] [2023-07-20T11:41:13.692Z] >>> [apiv2][(partial)header] GET https://serviceusage.googleapis.com/v1/projects/readytoworkjapan/services/artifactregistry.googleapis.com x-goog-quota-user=projects/readytoworkjapan
[debug] [2023-07-20T11:41:15.600Z] <<< [apiv2][status] GET https://serviceusage.googleapis.com/v1/projects/readytoworkjapan/services/artifactregistry.googleapis.com 200
[debug] [2023-07-20T11:41:15.600Z] <<< [apiv2][body] GET https://serviceusage.googleapis.com/v1/projects/readytoworkjapan/services/artifactregistry.googleapis.com [omitted]
[info] +  artifactregistry: required API artifactregistry.googleapis.com is enabled 
[debug] [2023-07-20T11:41:15.602Z] <<< [apiv2][status] GET https://serviceusage.googleapis.com/v1/projects/readytoworkjapan/services/cloudbuild.googleapis.com 200
[debug] [2023-07-20T11:41:15.602Z] <<< [apiv2][body] GET https://serviceusage.googleapis.com/v1/projects/readytoworkjapan/services/cloudbuild.googleapis.com [omitted]
[info] +  functions: required API cloudbuild.googleapis.com is enabled 
[debug] [2023-07-20T11:41:15.615Z] <<< [apiv2][status] GET https://serviceusage.googleapis.com/v1/projects/readytoworkjapan/services/runtimeconfig.googleapis.com 200
[debug] [2023-07-20T11:41:15.615Z] <<< [apiv2][body] GET https://serviceusage.googleapis.com/v1/projects/readytoworkjapan/services/runtimeconfig.googleapis.com [omitted]
[debug] [2023-07-20T11:41:15.814Z] <<< [apiv2][status] GET https://serviceusage.googleapis.com/v1/projects/readytoworkjapan/services/cloudfunctions.googleapis.com 200
[debug] [2023-07-20T11:41:15.814Z] <<< [apiv2][body] GET https://serviceusage.googleapis.com/v1/projects/readytoworkjapan/services/cloudfunctions.googleapis.com [omitted]
[info] +  functions: required API cloudfunctions.googleapis.com is enabled 
[debug] [2023-07-20T11:41:15.815Z] >>> [apiv2][query] GET https://firebase.googleapis.com/v1beta1/projects/readytoworkjapan/adminSdkConfig [none]
[debug] [2023-07-20T11:41:16.365Z] <<< [apiv2][status] GET https://firebase.googleapis.com/v1beta1/projects/readytoworkjapan/adminSdkConfig 200
[debug] [2023-07-20T11:41:16.365Z] <<< [apiv2][body] GET https://firebase.googleapis.com/v1beta1/projects/readytoworkjapan/adminSdkConfig {"projectId":"readytoworkjapan","storageBucket":"readytoworkjapan.appspot.com","locationId":"asia-northeast1"}
[debug] [2023-07-20T11:41:16.366Z] >>> [apiv2][query] GET https://runtimeconfig.googleapis.com/v1beta1/projects/readytoworkjapan/configs [none]
[debug] [2023-07-20T11:41:18.153Z] <<< [apiv2][status] GET https://runtimeconfig.googleapis.com/v1beta1/projects/readytoworkjapan/configs 200
[debug] [2023-07-20T11:41:18.153Z] <<< [apiv2][body] GET https://runtimeconfig.googleapis.com/v1beta1/projects/readytoworkjapan/configs {}
[debug] [2023-07-20T11:41:18.155Z] Validating nodejs source
[debug] [2023-07-20T11:41:20.741Z] > [functions] package.json contents: {
  "name": "functions",
  "scripts": {
    "lint": "eslint --ext .js,.ts .",
    "build": "tsc",
    "build:watch": "tsc --watch",
    "serve": "npm run build && firebase emulators:start --only functions",
    "shell": "npm run build && firebase functions:shell",
    "start": "npm run shell",
    "deploy": "firebase deploy --only functions",
    "logs": "firebase functions:log"
  },
  "engines": {
    "node": "18"
  },
  "main": "lib/index.js",
  "dependencies": {
    "firebase-admin": "^11.8.0",
    "firebase-functions": "^4.3.1",
    "autoprefixer": "10.4.14",
    "next": "13.4.9",
    "postcss": "8.4.26",
    "react": "18.2.0",
    "react-dom": "18.2.0",
    "tailwindcss": "3.3.3",
    "typescript": "5.1.6"
  },
  "devDependencies": {
    "@typescript-eslint/eslint-plugin": "^5.12.0",
    "@typescript-eslint/parser": "^5.12.0",
    "eslint": "^8.9.0",
    "eslint-config-google": "^0.14.0",
    "eslint-plugin-import": "^2.25.4",
    "firebase-functions-test": "^3.1.0",
    "typescript": "^4.9.0"
  },
  "private": true,
  "type": "commonjs"
}
[debug] [2023-07-20T11:41:20.741Z] Building nodejs source
[info] i  functions: Loading and analyzing source code for codebase default to determine what to deploy 
[debug] [2023-07-20T11:41:20.743Z] Could not find functions.yaml. Must use http discovery
[debug] [2023-07-20T11:41:20.758Z] Found firebase-functions binary at 'D:\learning\rnd-nextjs-app\functions\node_modules\.bin\firebase-functions'
[info] Serving at port 8504

[debug] [2023-07-20T11:41:28.809Z] Got response from /__/functions.yaml {"endpoints":{"nextServer":{"platform":"gcfv1","availableMemoryMb":null,"timeoutSeconds":null,"minInstances":null,"maxInstances":null,"ingressSettings":null,"serviceAccountEmail":null,"vpc":null,"httpsTrigger":{},"entryPoint":"nextServer"}},"specVersion":"v1alpha1","requiredAPIs":[]}
[info] shutdown requested via /__/quitquitquit

[info] i  functions: preparing functions directory for uploading... 
[info] i  functions: packaged D:\learning\rnd-nextjs-app\functions (176.74 KB) for uploading 
[debug] [2023-07-20T11:41:28.937Z] >>> [apiv2][query] GET https://cloudfunctions.googleapis.com/v1/projects/readytoworkjapan/locations/-/functions [none]
[debug] [2023-07-20T11:41:29.720Z] <<< [apiv2][status] GET https://cloudfunctions.googleapis.com/v1/projects/readytoworkjapan/locations/-/functions 200
[debug] [2023-07-20T11:41:29.720Z] <<< [apiv2][body] GET https://cloudfunctions.googleapis.com/v1/projects/readytoworkjapan/locations/-/functions {"functions":[{"name":"projects/readytoworkjapan/locations/us-central1/functions/nextServer","httpsTrigger":{"url":"https://us-central1-readytoworkjapan.cloudfunctions.net/nextServer","securityLevel":"SECURE_ALWAYS"},"status":"OFFLINE","entryPoint":"nextServer","timeout":"60s","availableMemoryMb":256,"serviceAccountEmail":"readytoworkjapan@appspot.gserviceaccount.com","updateTime":"2023-07-18T12:03:26.383Z","versionId":"7","labels":{"deployment-tool":"cli-firebase","firebase-functions-hash":"3a5a0057f425cdc77abdc258f319f580269f3aa2"},"sourceUploadUrl":"https://storage.googleapis.com/uploads-329589429253.us-central1.cloudfunctions.appspot.com/e9b6de6f-ec82-4281-aecd-610ce5eefea8.zip","environmentVariables":{"FIREBASE_CONFIG":"{\"projectId\":\"readytoworkjapan\",\"storageBucket\":\"readytoworkjapan.appspot.com\",\"locationId\":\"asia-northeast1\"}","GCLOUD_PROJECT":"readytoworkjapan","EVENTARC_CLOUD_EVENT_SOURCE":"projects/readytoworkjapan/locations/us-central1/functions/nextServer"},"runtime":"nodejs18","ingressSettings":"ALLOW_ALL","buildId":"ffc74d1b-354c-4dc0-bb6c-fc4aaaf6d735","buildEnvironmentVariables":{"GOOGLE_NODE_RUN_SCRIPTS":""},"buildName":"projects/835062488456/locations/us-central1/builds/ffc74d1b-354c-4dc0-bb6c-fc4aaaf6d735","dockerRegistry":"ARTIFACT_REGISTRY"}]}
[debug] [2023-07-20T11:41:29.722Z] >>> [apiv2][query] GET https://cloudfunctions.googleapis.com/v2/projects/readytoworkjapan/locations/-/functions filter=environment%3D%22GEN_2%22
[debug] [2023-07-20T11:41:31.510Z] <<< [apiv2][status] GET https://cloudfunctions.googleapis.com/v2/projects/readytoworkjapan/locations/-/functions 200
[debug] [2023-07-20T11:41:31.510Z] <<< [apiv2][body] GET https://cloudfunctions.googleapis.com/v2/projects/readytoworkjapan/locations/-/functions {}
[debug] [2023-07-20T11:41:31.514Z] >>> [apiv2][query] GET https://firebase.googleapis.com/v1beta1/projects/readytoworkjapan [none]
[debug] [2023-07-20T11:41:32.374Z] <<< [apiv2][status] GET https://firebase.googleapis.com/v1beta1/projects/readytoworkjapan 200
[debug] [2023-07-20T11:41:32.374Z] <<< [apiv2][body] GET https://firebase.googleapis.com/v1beta1/projects/readytoworkjapan {"projectId":"readytoworkjapan","projectNumber":"835062488456","displayName":"ReadyToWorkJapan","name":"projects/readytoworkjapan","resources":{"hostingSite":"readytoworkjapan","storageBucket":"readytoworkjapan.appspot.com","locationId":"asia-northeast1"},"state":"ACTIVE","etag":"1_951e2138-f418-4b97-a371-278642902c67"}
[debug] [2023-07-20T11:41:32.376Z] >>> [apiv2][query] POST https://cloudfunctions.googleapis.com/v1/projects/readytoworkjapan/locations/us-central1/functions:generateUploadUrl [none]
[debug] [2023-07-20T11:41:32.376Z] >>> [apiv2][body] POST https://cloudfunctions.googleapis.com/v1/projects/readytoworkjapan/locations/us-central1/functions:generateUploadUrl {}
[debug] [2023-07-20T11:41:33.240Z] <<< [apiv2][status] POST https://cloudfunctions.googleapis.com/v1/projects/readytoworkjapan/locations/us-central1/functions:generateUploadUrl 200
[debug] [2023-07-20T11:41:33.240Z] <<< [apiv2][body] POST https://cloudfunctions.googleapis.com/v1/projects/readytoworkjapan/locations/us-central1/functions:generateUploadUrl {"uploadUrl":"https://storage.googleapis.com/uploads-329589429253.us-central1.cloudfunctions.appspot.com/4315d9bc-1816-419f-a5f7-7479813e75cc.zip?GoogleAccessId=service-835062488456@gcf-admin-robot.iam.gserviceaccount.com&Expires=1689855094&Signature=VRkw42zcIapBmCkp7mog3UjnZ%2BbOOVwoacS6%2FO36GTFNpFl7yITNRGfD%2B95oKnFrAFmk1Q%2FKUguJGywwFlwkhJuFPtDOTxBGk%2FLVlhOSO7nYqCbSZ5gfiHRPuLEVFboOKplfFGo3ozSYDDEAErQqIGF0chBE28CJLT3zfsFngssiL%2FSb2%2BtTHjboee8XqMfhFO9QyRPZimjaC7O57Z4UzltpOPocwYXGOZCHzqan7QUKsLV2u3qGVTN8ba0EDijt8gjvwWYVhjVZiioELIxqJ5N373QF%2Bo5%2B5s7YPbbO9qpEZVaQRl7iJ0SOV%2B5aio0%2FIcQD4xNqHZn0xnrMWAKaUw%3D%3D"}
[debug] [2023-07-20T11:41:33.241Z] >>> [apiv2][query] PUT https://storage.googleapis.com/uploads-329589429253.us-central1.cloudfunctions.appspot.com/4315d9bc-1816-419f-a5f7-7479813e75cc.zip GoogleAccessId=service-835062488456%40gcf-admin-robot.iam.gserviceaccount.com&Expires=1689855094&Signature=VRkw42zcIapBmCkp7mog3UjnZ%2BbOOVwoacS6%2FO36GTFNpFl7yITNRGfD%2B95oKnFrAFmk1Q%2FKUguJGywwFlwkhJuFPtDOTxBGk%2FLVlhOSO7nYqCbSZ5gfiHRPuLEVFboOKplfFGo3ozSYDDEAErQqIGF0chBE28CJLT3zfsFngssiL%2FSb2%2BtTHjboee8XqMfhFO9QyRPZimjaC7O57Z4UzltpOPocwYXGOZCHzqan7QUKsLV2u3qGVTN8ba0EDijt8gjvwWYVhjVZiioELIxqJ5N373QF%2Bo5%2B5s7YPbbO9qpEZVaQRl7iJ0SOV%2B5aio0%2FIcQD4xNqHZn0xnrMWAKaUw%3D%3D
[debug] [2023-07-20T11:41:33.241Z] >>> [apiv2][body] PUT https://storage.googleapis.com/uploads-329589429253.us-central1.cloudfunctions.appspot.com/4315d9bc-1816-419f-a5f7-7479813e75cc.zip [stream]
[debug] [2023-07-20T11:41:34.873Z] <<< [apiv2][status] PUT https://storage.googleapis.com/uploads-329589429253.us-central1.cloudfunctions.appspot.com/4315d9bc-1816-419f-a5f7-7479813e75cc.zip 200
[debug] [2023-07-20T11:41:34.873Z] <<< [apiv2][body] PUT https://storage.googleapis.com/uploads-329589429253.us-central1.cloudfunctions.appspot.com/4315d9bc-1816-419f-a5f7-7479813e75cc.zip [omitted]
[info] +  functions: functions folder uploaded successfully 
[info] i  functions: updating Node.js 18 (1st Gen) function nextServer(us-central1)... 
[debug] [2023-07-20T11:41:34.882Z] >>> [apiv2][query] PATCH https://cloudfunctions.googleapis.com/v1/projects/readytoworkjapan/locations/us-central1/functions/nextServer updateMask=name%2CsourceUploadUrl%2CentryPoint%2Cruntime%2CdockerRegistry%2Clabels%2ChttpsTrigger.securityLevel%2CminInstances%2CmaxInstances%2CingressSettings%2CenvironmentVariables%2CserviceAccountEmail%2CavailableMemoryMb%2Ctimeout%2CvpcConnector%2CvpcConnectorEgressSettings%2CsourceToken%2CbuildEnvironmentVariables
[debug] [2023-07-20T11:41:34.882Z] >>> [apiv2][body] PATCH https://cloudfunctions.googleapis.com/v1/projects/readytoworkjapan/locations/us-central1/functions/nextServer {"name":"projects/readytoworkjapan/locations/us-central1/functions/nextServer","sourceUploadUrl":"https://storage.googleapis.com/uploads-329589429253.us-central1.cloudfunctions.appspot.com/4315d9bc-1816-419f-a5f7-7479813e75cc.zip?GoogleAccessId=service-835062488456@gcf-admin-robot.iam.gserviceaccount.com&Expires=1689855094&Signature=VRkw42zcIapBmCkp7mog3UjnZ%2BbOOVwoacS6%2FO36GTFNpFl7yITNRGfD%2B95oKnFrAFmk1Q%2FKUguJGywwFlwkhJuFPtDOTxBGk%2FLVlhOSO7nYqCbSZ5gfiHRPuLEVFboOKplfFGo3ozSYDDEAErQqIGF0chBE28CJLT3zfsFngssiL%2FSb2%2BtTHjboee8XqMfhFO9QyRPZimjaC7O57Z4UzltpOPocwYXGOZCHzqan7QUKsLV2u3qGVTN8ba0EDijt8gjvwWYVhjVZiioELIxqJ5N373QF%2Bo5%2B5s7YPbbO9qpEZVaQRl7iJ0SOV%2B5aio0%2FIcQD4xNqHZn0xnrMWAKaUw%3D%3D","entryPoint":"nextServer","runtime":"nodejs18","dockerRegistry":"ARTIFACT_REGISTRY","labels":{"deployment-tool":"cli-firebase","firebase-functions-hash":"1d557ba31856532bf0533ca2a44a3e909573d4f3"},"httpsTrigger":{"securityLevel":"SECURE_ALWAYS"},"minInstances":null,"maxInstances":null,"ingressSettings":null,"environmentVariables":{"FIREBASE_CONFIG":"{\"projectId\":\"readytoworkjapan\",\"storageBucket\":\"readytoworkjapan.appspot.com\",\"locationId\":\"asia-northeast1\"}","GCLOUD_PROJECT":"readytoworkjapan","EVENTARC_CLOUD_EVENT_SOURCE":"projects/readytoworkjapan/locations/us-central1/functions/nextServer"},"serviceAccountEmail":null,"availableMemoryMb":null,"timeout":null,"vpcConnector":null,"vpcConnectorEgressSettings":null,"buildEnvironmentVariables":{"GOOGLE_NODE_RUN_SCRIPTS":""}}
[debug] [2023-07-20T11:41:35.749Z] <<< [apiv2][status] PATCH https://cloudfunctions.googleapis.com/v1/projects/readytoworkjapan/locations/us-central1/functions/nextServer 200
[debug] [2023-07-20T11:41:35.749Z] <<< [apiv2][body] PATCH https://cloudfunctions.googleapis.com/v1/projects/readytoworkjapan/locations/us-central1/functions/nextServer {"name":"operations/cmVhZHl0b3dvcmtqYXBhbi91cy1jZW50cmFsMS9uZXh0U2VydmVyL0NqMm81VExHOHhZ","metadata":{"@type":"type.googleapis.com/google.cloud.functions.v1.OperationMetadataV1","target":"projects/readytoworkjapan/locations/us-central1/functions/nextServer","type":"UPDATE_FUNCTION","request":{"@type":"type.googleapis.com/google.cloud.functions.v1.CloudFunction","name":"projects/readytoworkjapan/locations/us-central1/functions/nextServer","httpsTrigger":{"url":"https://us-central1-readytoworkjapan.cloudfunctions.net/nextServer","securityLevel":"SECURE_ALWAYS"},"status":"OFFLINE","entryPoint":"nextServer","updateTime":"2023-07-18T12:03:26.383Z","versionId":"7","labels":{"deployment-tool":"cli-firebase","firebase-functions-hash":"1d557ba31856532bf0533ca2a44a3e909573d4f3"},"sourceUploadUrl":"https://storage.googleapis.com/uploads-329589429253.us-central1.cloudfunctions.appspot.com/4315d9bc-1816-419f-a5f7-7479813e75cc.zip?GoogleAccessId=service-835062488456@gcf-admin-robot.iam.gserviceaccount.com&Expires=1689855094&Signature=VRkw42zcIapBmCkp7mog3UjnZ%2BbOOVwoacS6%2FO36GTFNpFl7yITNRGfD%2B95oKnFrAFmk1Q%2FKUguJGywwFlwkhJuFPtDOTxBGk%2FLVlhOSO7nYqCbSZ5gfiHRPuLEVFboOKplfFGo3ozSYDDEAErQqIGF0chBE28CJLT3zfsFngssiL%2FSb2%2BtTHjboee8XqMfhFO9QyRPZimjaC7O57Z4UzltpOPocwYXGOZCHzqan7QUKsLV2u3qGVTN8ba0EDijt8gjvwWYVhjVZiioELIxqJ5N373QF%2Bo5%2B5s7YPbbO9qpEZVaQRl7iJ0SOV%2B5aio0%2FIcQD4xNqHZn0xnrMWAKaUw%3D%3D","environmentVariables":{"FIREBASE_CONFIG":"{\"projectId\":\"readytoworkjapan\",\"storageBucket\":\"readytoworkjapan.appspot.com\",\"locationId\":\"asia-northeast1\"}","GCLOUD_PROJECT":"readytoworkjapan","EVENTARC_CLOUD_EVENT_SOURCE":"projects/readytoworkjapan/locations/us-central1/functions/nextServer"},"runtime":"nodejs18","buildId":"ffc74d1b-354c-4dc0-bb6c-fc4aaaf6d735","buildEnvironmentVariables":{"GOOGLE_NODE_RUN_SCRIPTS":""},"buildName":"projects/835062488456/locations/us-central1/builds/ffc74d1b-354c-4dc0-bb6c-fc4aaaf6d735","dockerRegistry":"ARTIFACT_REGISTRY"},"versionId":"8","updateTime":"2023-07-20T11:41:36Z"}}
[debug] [2023-07-20T11:41:35.750Z] >>> [apiv2][query] GET https://cloudfunctions.googleapis.com/v1/operations/cmVhZHl0b3dvcmtqYXBhbi91cy1jZW50cmFsMS9uZXh0U2VydmVyL0NqMm81VExHOHhZ [none]
[debug] [2023-07-20T11:41:36.332Z] <<< [apiv2][status] GET https://cloudfunctions.googleapis.com/v1/operations/cmVhZHl0b3dvcmtqYXBhbi91cy1jZW50cmFsMS9uZXh0U2VydmVyL0NqMm81VExHOHhZ 200
[debug] [2023-07-20T11:41:36.333Z] <<< [apiv2][body] GET https://cloudfunctions.googleapis.com/v1/operations/cmVhZHl0b3dvcmtqYXBhbi91cy1jZW50cmFsMS9uZXh0U2VydmVyL0NqMm81VExHOHhZ {"name":"operations/cmVhZHl0b3dvcmtqYXBhbi91cy1jZW50cmFsMS9uZXh0U2VydmVyL0NqMm81VExHOHhZ","metadata":{"@type":"type.googleapis.com/google.cloud.functions.v1.OperationMetadataV1","target":"projects/readytoworkjapan/locations/us-central1/functions/nextServer","type":"UPDATE_FUNCTION","request":{"@type":"type.googleapis.com/google.cloud.functions.v1.CloudFunction","name":"projects/readytoworkjapan/locations/us-central1/functions/nextServer","httpsTrigger":{"url":"https://us-central1-readytoworkjapan.cloudfunctions.net/nextServer","securityLevel":"SECURE_ALWAYS"},"status":"OFFLINE","entryPoint":"nextServer","updateTime":"2023-07-18T12:03:26.383Z","versionId":"7","labels":{"deployment-tool":"cli-firebase","firebase-functions-hash":"1d557ba31856532bf0533ca2a44a3e909573d4f3"},"sourceUploadUrl":"https://storage.googleapis.com/uploads-329589429253.us-central1.cloudfunctions.appspot.com/4315d9bc-1816-419f-a5f7-7479813e75cc.zip?GoogleAccessId=service-835062488456@gcf-admin-robot.iam.gserviceaccount.com&Expires=1689855094&Signature=VRkw42zcIapBmCkp7mog3UjnZ%2BbOOVwoacS6%2FO36GTFNpFl7yITNRGfD%2B95oKnFrAFmk1Q%2FKUguJGywwFlwkhJuFPtDOTxBGk%2FLVlhOSO7nYqCbSZ5gfiHRPuLEVFboOKplfFGo3ozSYDDEAErQqIGF0chBE28CJLT3zfsFngssiL%2FSb2%2BtTHjboee8XqMfhFO9QyRPZimjaC7O57Z4UzltpOPocwYXGOZCHzqan7QUKsLV2u3qGVTN8ba0EDijt8gjvwWYVhjVZiioELIxqJ5N373QF%2Bo5%2B5s7YPbbO9qpEZVaQRl7iJ0SOV%2B5aio0%2FIcQD4xNqHZn0xnrMWAKaUw%3D%3D","environmentVariables":{"FIREBASE_CONFIG":"{\"projectId\":\"readytoworkjapan\",\"storageBucket\":\"readytoworkjapan.appspot.com\",\"locationId\":\"asia-northeast1\"}","GCLOUD_PROJECT":"readytoworkjapan","EVENTARC_CLOUD_EVENT_SOURCE":"projects/readytoworkjapan/locations/us-central1/functions/nextServer"},"runtime":"nodejs18","buildId":"ffc74d1b-354c-4dc0-bb6c-fc4aaaf6d735","buildEnvironmentVariables":{"GOOGLE_NODE_RUN_SCRIPTS":""},"buildName":"projects/835062488456/locations/us-central1/builds/ffc74d1b-354c-4dc0-bb6c-fc4aaaf6d735","dockerRegistry":"ARTIFACT_REGISTRY"},"versionId":"8","updateTime":"2023-07-20T11:41:36Z"}}
[debug] [2023-07-20T11:41:36.836Z] [update-default-us-central1-nextServer] Retrying task index 0
[debug] [2023-07-20T11:41:36.836Z] >>> [apiv2][query] GET https://cloudfunctions.googleapis.com/v1/operations/cmVhZHl0b3dvcmtqYXBhbi91cy1jZW50cmFsMS9uZXh0U2VydmVyL0NqMm81VExHOHhZ [none]
[debug] [2023-07-20T11:41:37.724Z] <<< [apiv2][status] GET https://cloudfunctions.googleapis.com/v1/operations/cmVhZHl0b3dvcmtqYXBhbi91cy1jZW50cmFsMS9uZXh0U2VydmVyL0NqMm81VExHOHhZ 200
[debug] [2023-07-20T11:41:37.724Z] <<< [apiv2][body] GET https://cloudfunctions.googleapis.com/v1/operations/cmVhZHl0b3dvcmtqYXBhbi91cy1jZW50cmFsMS9uZXh0U2VydmVyL0NqMm81VExHOHhZ {"name":"operations/cmVhZHl0b3dvcmtqYXBhbi91cy1jZW50cmFsMS9uZXh0U2VydmVyL0NqMm81VExHOHhZ","metadata":{"@type":"type.googleapis.com/google.cloud.functions.v1.OperationMetadataV1","target":"projects/readytoworkjapan/locations/us-central1/functions/nextServer","type":"UPDATE_FUNCTION","request":{"@type":"type.googleapis.com/google.cloud.functions.v1.CloudFunction","name":"projects/readytoworkjapan/locations/us-central1/functions/nextServer","httpsTrigger":{"url":"https://us-central1-readytoworkjapan.cloudfunctions.net/nextServer","securityLevel":"SECURE_ALWAYS"},"status":"OFFLINE","entryPoint":"nextServer","updateTime":"2023-07-18T12:03:26.383Z","versionId":"7","labels":{"deployment-tool":"cli-firebase","firebase-functions-hash":"1d557ba31856532bf0533ca2a44a3e909573d4f3"},"sourceUploadUrl":"https://storage.googleapis.com/uploads-329589429253.us-central1.cloudfunctions.appspot.com/4315d9bc-1816-419f-a5f7-7479813e75cc.zip?GoogleAccessId=service-835062488456@gcf-admin-robot.iam.gserviceaccount.com&Expires=1689855094&Signature=VRkw42zcIapBmCkp7mog3UjnZ%2BbOOVwoacS6%2FO36GTFNpFl7yITNRGfD%2B95oKnFrAFmk1Q%2FKUguJGywwFlwkhJuFPtDOTxBGk%2FLVlhOSO7nYqCbSZ5gfiHRPuLEVFboOKplfFGo3ozSYDDEAErQqIGF0chBE28CJLT3zfsFngssiL%2FSb2%2BtTHjboee8XqMfhFO9QyRPZimjaC7O57Z4UzltpOPocwYXGOZCHzqan7QUKsLV2u3qGVTN8ba0EDijt8gjvwWYVhjVZiioELIxqJ5N373QF%2Bo5%2B5s7YPbbO9qpEZVaQRl7iJ0SOV%2B5aio0%2FIcQD4xNqHZn0xnrMWAKaUw%3D%3D","environmentVariables":{"FIREBASE_CONFIG":"{\"projectId\":\"readytoworkjapan\",\"storageBucket\":\"readytoworkjapan.appspot.com\",\"locationId\":\"asia-northeast1\"}","GCLOUD_PROJECT":"readytoworkjapan","EVENTARC_CLOUD_EVENT_SOURCE":"projects/readytoworkjapan/locations/us-central1/functions/nextServer"},"runtime":"nodejs18","buildId":"ffc74d1b-354c-4dc0-bb6c-fc4aaaf6d735","buildEnvironmentVariables":{"GOOGLE_NODE_RUN_SCRIPTS":""},"buildName":"projects/835062488456/locations/us-central1/builds/ffc74d1b-354c-4dc0-bb6c-fc4aaaf6d735","dockerRegistry":"ARTIFACT_REGISTRY"},"versionId":"8","updateTime":"2023-07-20T11:41:36Z","buildId":"0a51c53c-0f09-448d-9365-2caed9b18678","buildName":"projects/835062488456/locations/us-central1/builds/0a51c53c-0f09-448d-9365-2caed9b18678"}}
[debug] [2023-07-20T11:41:38.731Z] [update-default-us-central1-nextServer] Retrying task index 0
[debug] [2023-07-20T11:41:38.732Z] >>> [apiv2][query] GET https://cloudfunctions.googleapis.com/v1/operations/cmVhZHl0b3dvcmtqYXBhbi91cy1jZW50cmFsMS9uZXh0U2VydmVyL0NqMm81VExHOHhZ [none]
[debug] [2023-07-20T11:41:39.255Z] <<< [apiv2][status] GET https://cloudfunctions.googleapis.com/v1/operations/cmVhZHl0b3dvcmtqYXBhbi91cy1jZW50cmFsMS9uZXh0U2VydmVyL0NqMm81VExHOHhZ 200
[debug] [2023-07-20T11:41:39.255Z] <<< [apiv2][body] GET https://cloudfunctions.googleapis.com/v1/operations/cmVhZHl0b3dvcmtqYXBhbi91cy1jZW50cmFsMS9uZXh0U2VydmVyL0NqMm81VExHOHhZ {"name":"operations/cmVhZHl0b3dvcmtqYXBhbi91cy1jZW50cmFsMS9uZXh0U2VydmVyL0NqMm81VExHOHhZ","metadata":{"@type":"type.googleapis.com/google.cloud.functions.v1.OperationMetadataV1","target":"projects/readytoworkjapan/locations/us-central1/functions/nextServer","type":"UPDATE_FUNCTION","request":{"@type":"type.googleapis.com/google.cloud.functions.v1.CloudFunction","name":"projects/readytoworkjapan/locations/us-central1/functions/nextServer","httpsTrigger":{"url":"https://us-central1-readytoworkjapan.cloudfunctions.net/nextServer","securityLevel":"SECURE_ALWAYS"},"status":"OFFLINE","entryPoint":"nextServer","updateTime":"2023-07-18T12:03:26.383Z","versionId":"7","labels":{"deployment-tool":"cli-firebase","firebase-functions-hash":"1d557ba31856532bf0533ca2a44a3e909573d4f3"},"sourceUploadUrl":"https://storage.googleapis.com/uploads-329589429253.us-central1.cloudfunctions.appspot.com/4315d9bc-1816-419f-a5f7-7479813e75cc.zip?GoogleAccessId=service-835062488456@gcf-admin-robot.iam.gserviceaccount.com&Expires=1689855094&Signature=VRkw42zcIapBmCkp7mog3UjnZ%2BbOOVwoacS6%2FO36GTFNpFl7yITNRGfD%2B95oKnFrAFmk1Q%2FKUguJGywwFlwkhJuFPtDOTxBGk%2FLVlhOSO7nYqCbSZ5gfiHRPuLEVFboOKplfFGo3ozSYDDEAErQqIGF0chBE28CJLT3zfsFngssiL%2FSb2%2BtTHjboee8XqMfhFO9QyRPZimjaC7O57Z4UzltpOPocwYXGOZCHzqan7QUKsLV2u3qGVTN8ba0EDijt8gjvwWYVhjVZiioELIxqJ5N373QF%2Bo5%2B5s7YPbbO9qpEZVaQRl7iJ0SOV%2B5aio0%2FIcQD4xNqHZn0xnrMWAKaUw%3D%3D","environmentVariables":{"FIREBASE_CONFIG":"{\"projectId\":\"readytoworkjapan\",\"storageBucket\":\"readytoworkjapan.appspot.com\",\"locationId\":\"asia-northeast1\"}","GCLOUD_PROJECT":"readytoworkjapan","EVENTARC_CLOUD_EVENT_SOURCE":"projects/readytoworkjapan/locations/us-central1/functions/nextServer"},"runtime":"nodejs18","buildId":"ffc74d1b-354c-4dc0-bb6c-fc4aaaf6d735","buildEnvironmentVariables":{"GOOGLE_NODE_RUN_SCRIPTS":""},"buildName":"projects/835062488456/locations/us-central1/builds/ffc74d1b-354c-4dc0-bb6c-fc4aaaf6d735","dockerRegistry":"ARTIFACT_REGISTRY"},"versionId":"8","updateTime":"2023-07-20T11:41:36Z","buildId":"0a51c53c-0f09-448d-9365-2caed9b18678","buildName":"projects/835062488456/locations/us-central1/builds/0a51c53c-0f09-448d-9365-2caed9b18678"}}
[debug] [2023-07-20T11:41:41.263Z] [update-default-us-central1-nextServer] Retrying task index 0
[debug] [2023-07-20T11:41:41.264Z] >>> [apiv2][query] GET https://cloudfunctions.googleapis.com/v1/operations/cmVhZHl0b3dvcmtqYXBhbi91cy1jZW50cmFsMS9uZXh0U2VydmVyL0NqMm81VExHOHhZ [none]
[debug] [2023-07-20T11:41:42.097Z] <<< [apiv2][status] GET https://cloudfunctions.googleapis.com/v1/operations/cmVhZHl0b3dvcmtqYXBhbi91cy1jZW50cmFsMS9uZXh0U2VydmVyL0NqMm81VExHOHhZ 200
[debug] [2023-07-20T11:41:42.097Z] <<< [apiv2][body] GET https://cloudfunctions.googleapis.com/v1/operations/cmVhZHl0b3dvcmtqYXBhbi91cy1jZW50cmFsMS9uZXh0U2VydmVyL0NqMm81VExHOHhZ {"name":"operations/cmVhZHl0b3dvcmtqYXBhbi91cy1jZW50cmFsMS9uZXh0U2VydmVyL0NqMm81VExHOHhZ","metadata":{"@type":"type.googleapis.com/google.cloud.functions.v1.OperationMetadataV1","target":"projects/readytoworkjapan/locations/us-central1/functions/nextServer","type":"UPDATE_FUNCTION","request":{"@type":"type.googleapis.com/google.cloud.functions.v1.CloudFunction","name":"projects/readytoworkjapan/locations/us-central1/functions/nextServer","httpsTrigger":{"url":"https://us-central1-readytoworkjapan.cloudfunctions.net/nextServer","securityLevel":"SECURE_ALWAYS"},"status":"OFFLINE","entryPoint":"nextServer","updateTime":"2023-07-18T12:03:26.383Z","versionId":"7","labels":{"deployment-tool":"cli-firebase","firebase-functions-hash":"1d557ba31856532bf0533ca2a44a3e909573d4f3"},"sourceUploadUrl":"https://storage.googleapis.com/uploads-329589429253.us-central1.cloudfunctions.appspot.com/4315d9bc-1816-419f-a5f7-7479813e75cc.zip?GoogleAccessId=service-835062488456@gcf-admin-robot.iam.gserviceaccount.com&Expires=1689855094&Signature=VRkw42zcIapBmCkp7mog3UjnZ%2BbOOVwoacS6%2FO36GTFNpFl7yITNRGfD%2B95oKnFrAFmk1Q%2FKUguJGywwFlwkhJuFPtDOTxBGk%2FLVlhOSO7nYqCbSZ5gfiHRPuLEVFboOKplfFGo3ozSYDDEAErQqIGF0chBE28CJLT3zfsFngssiL%2FSb2%2BtTHjboee8XqMfhFO9QyRPZimjaC7O57Z4UzltpOPocwYXGOZCHzqan7QUKsLV2u3qGVTN8ba0EDijt8gjvwWYVhjVZiioELIxqJ5N373QF%2Bo5%2B5s7YPbbO9qpEZVaQRl7iJ0SOV%2B5aio0%2FIcQD4xNqHZn0xnrMWAKaUw%3D%3D","environmentVariables":{"FIREBASE_CONFIG":"{\"projectId\":\"readytoworkjapan\",\"storageBucket\":\"readytoworkjapan.appspot.com\",\"locationId\":\"asia-northeast1\"}","GCLOUD_PROJECT":"readytoworkjapan","EVENTARC_CLOUD_EVENT_SOURCE":"projects/readytoworkjapan/locations/us-central1/functions/nextServer"},"runtime":"nodejs18","buildId":"ffc74d1b-354c-4dc0-bb6c-fc4aaaf6d735","buildEnvironmentVariables":{"GOOGLE_NODE_RUN_SCRIPTS":""},"buildName":"projects/835062488456/locations/us-central1/builds/ffc74d1b-354c-4dc0-bb6c-fc4aaaf6d735","dockerRegistry":"ARTIFACT_REGISTRY"},"versionId":"8","updateTime":"2023-07-20T11:41:36Z","buildId":"0a51c53c-0f09-448d-9365-2caed9b18678","buildName":"projects/835062488456/locations/us-central1/builds/0a51c53c-0f09-448d-9365-2caed9b18678"}}
[debug] [2023-07-20T11:41:46.098Z] [update-default-us-central1-nextServer] Retrying task index 0
[debug] [2023-07-20T11:41:46.099Z] >>> [apiv2][query] GET https://cloudfunctions.googleapis.com/v1/operations/cmVhZHl0b3dvcmtqYXBhbi91cy1jZW50cmFsMS9uZXh0U2VydmVyL0NqMm81VExHOHhZ [none]
[debug] [2023-07-20T11:41:46.714Z] <<< [apiv2][status] GET https://cloudfunctions.googleapis.com/v1/operations/cmVhZHl0b3dvcmtqYXBhbi91cy1jZW50cmFsMS9uZXh0U2VydmVyL0NqMm81VExHOHhZ 200
[debug] [2023-07-20T11:41:46.715Z] <<< [apiv2][body] GET https://cloudfunctions.googleapis.com/v1/operations/cmVhZHl0b3dvcmtqYXBhbi91cy1jZW50cmFsMS9uZXh0U2VydmVyL0NqMm81VExHOHhZ {"name":"operations/cmVhZHl0b3dvcmtqYXBhbi91cy1jZW50cmFsMS9uZXh0U2VydmVyL0NqMm81VExHOHhZ","metadata":{"@type":"type.googleapis.com/google.cloud.functions.v1.OperationMetadataV1","target":"projects/readytoworkjapan/locations/us-central1/functions/nextServer","type":"UPDATE_FUNCTION","request":{"@type":"type.googleapis.com/google.cloud.functions.v1.CloudFunction","name":"projects/readytoworkjapan/locations/us-central1/functions/nextServer","httpsTrigger":{"url":"https://us-central1-readytoworkjapan.cloudfunctions.net/nextServer","securityLevel":"SECURE_ALWAYS"},"status":"OFFLINE","entryPoint":"nextServer","updateTime":"2023-07-18T12:03:26.383Z","versionId":"7","labels":{"deployment-tool":"cli-firebase","firebase-functions-hash":"1d557ba31856532bf0533ca2a44a3e909573d4f3"},"sourceUploadUrl":"https://storage.googleapis.com/uploads-329589429253.us-central1.cloudfunctions.appspot.com/4315d9bc-1816-419f-a5f7-7479813e75cc.zip?GoogleAccessId=service-835062488456@gcf-admin-robot.iam.gserviceaccount.com&Expires=1689855094&Signature=VRkw42zcIapBmCkp7mog3UjnZ%2BbOOVwoacS6%2FO36GTFNpFl7yITNRGfD%2B95oKnFrAFmk1Q%2FKUguJGywwFlwkhJuFPtDOTxBGk%2FLVlhOSO7nYqCbSZ5gfiHRPuLEVFboOKplfFGo3ozSYDDEAErQqIGF0chBE28CJLT3zfsFngssiL%2FSb2%2BtTHjboee8XqMfhFO9QyRPZimjaC7O57Z4UzltpOPocwYXGOZCHzqan7QUKsLV2u3qGVTN8ba0EDijt8gjvwWYVhjVZiioELIxqJ5N373QF%2Bo5%2B5s7YPbbO9qpEZVaQRl7iJ0SOV%2B5aio0%2FIcQD4xNqHZn0xnrMWAKaUw%3D%3D","environmentVariables":{"FIREBASE_CONFIG":"{\"projectId\":\"readytoworkjapan\",\"storageBucket\":\"readytoworkjapan.appspot.com\",\"locationId\":\"asia-northeast1\"}","GCLOUD_PROJECT":"readytoworkjapan","EVENTARC_CLOUD_EVENT_SOURCE":"projects/readytoworkjapan/locations/us-central1/functions/nextServer"},"runtime":"nodejs18","buildId":"ffc74d1b-354c-4dc0-bb6c-fc4aaaf6d735","buildEnvironmentVariables":{"GOOGLE_NODE_RUN_SCRIPTS":""},"buildName":"projects/835062488456/locations/us-central1/builds/ffc74d1b-354c-4dc0-bb6c-fc4aaaf6d735","dockerRegistry":"ARTIFACT_REGISTRY"},"versionId":"8","updateTime":"2023-07-20T11:41:36Z","buildId":"0a51c53c-0f09-448d-9365-2caed9b18678","buildName":"projects/835062488456/locations/us-central1/builds/0a51c53c-0f09-448d-9365-2caed9b18678"}}
[debug] [2023-07-20T11:41:55.787Z] [update-default-us-central1-nextServer] Retrying task index 0
[debug] [2023-07-20T11:41:55.788Z] >>> [apiv2][query] GET https://cloudfunctions.googleapis.com/v1/operations/cmVhZHl0b3dvcmtqYXBhbi91cy1jZW50cmFsMS9uZXh0U2VydmVyL0NqMm81VExHOHhZ [none]
[debug] [2023-07-20T11:41:56.392Z] <<< [apiv2][status] GET https://cloudfunctions.googleapis.com/v1/operations/cmVhZHl0b3dvcmtqYXBhbi91cy1jZW50cmFsMS9uZXh0U2VydmVyL0NqMm81VExHOHhZ 200
[debug] [2023-07-20T11:41:56.393Z] <<< [apiv2][body] GET https://cloudfunctions.googleapis.com/v1/operations/cmVhZHl0b3dvcmtqYXBhbi91cy1jZW50cmFsMS9uZXh0U2VydmVyL0NqMm81VExHOHhZ {"name":"operations/cmVhZHl0b3dvcmtqYXBhbi91cy1jZW50cmFsMS9uZXh0U2VydmVyL0NqMm81VExHOHhZ","metadata":{"@type":"type.googleapis.com/google.cloud.functions.v1.OperationMetadataV1","target":"projects/readytoworkjapan/locations/us-central1/functions/nextServer","type":"UPDATE_FUNCTION","request":{"@type":"type.googleapis.com/google.cloud.functions.v1.CloudFunction","name":"projects/readytoworkjapan/locations/us-central1/functions/nextServer","httpsTrigger":{"url":"https://us-central1-readytoworkjapan.cloudfunctions.net/nextServer","securityLevel":"SECURE_ALWAYS"},"status":"OFFLINE","entryPoint":"nextServer","updateTime":"2023-07-18T12:03:26.383Z","versionId":"7","labels":{"deployment-tool":"cli-firebase","firebase-functions-hash":"1d557ba31856532bf0533ca2a44a3e909573d4f3"},"sourceUploadUrl":"https://storage.googleapis.com/uploads-329589429253.us-central1.cloudfunctions.appspot.com/4315d9bc-1816-419f-a5f7-7479813e75cc.zip?GoogleAccessId=service-835062488456@gcf-admin-robot.iam.gserviceaccount.com&Expires=1689855094&Signature=VRkw42zcIapBmCkp7mog3UjnZ%2BbOOVwoacS6%2FO36GTFNpFl7yITNRGfD%2B95oKnFrAFmk1Q%2FKUguJGywwFlwkhJuFPtDOTxBGk%2FLVlhOSO7nYqCbSZ5gfiHRPuLEVFboOKplfFGo3ozSYDDEAErQqIGF0chBE28CJLT3zfsFngssiL%2FSb2%2BtTHjboee8XqMfhFO9QyRPZimjaC7O57Z4UzltpOPocwYXGOZCHzqan7QUKsLV2u3qGVTN8ba0EDijt8gjvwWYVhjVZiioELIxqJ5N373QF%2Bo5%2B5s7YPbbO9qpEZVaQRl7iJ0SOV%2B5aio0%2FIcQD4xNqHZn0xnrMWAKaUw%3D%3D","environmentVariables":{"FIREBASE_CONFIG":"{\"projectId\":\"readytoworkjapan\",\"storageBucket\":\"readytoworkjapan.appspot.com\",\"locationId\":\"asia-northeast1\"}","GCLOUD_PROJECT":"readytoworkjapan","EVENTARC_CLOUD_EVENT_SOURCE":"projects/readytoworkjapan/locations/us-central1/functions/nextServer"},"runtime":"nodejs18","buildId":"ffc74d1b-354c-4dc0-bb6c-fc4aaaf6d735","buildEnvironmentVariables":{"GOOGLE_NODE_RUN_SCRIPTS":""},"buildName":"projects/835062488456/locations/us-central1/builds/ffc74d1b-354c-4dc0-bb6c-fc4aaaf6d735","dockerRegistry":"ARTIFACT_REGISTRY"},"versionId":"8","updateTime":"2023-07-20T11:41:36Z","buildId":"0a51c53c-0f09-448d-9365-2caed9b18678","buildName":"projects/835062488456/locations/us-central1/builds/0a51c53c-0f09-448d-9365-2caed9b18678"}}
